[2026-01-22T20:38:45.524Z] POST /api/login
[2026-01-22T20:38:45.583Z] GET /api/admin/inventory
[2026-01-22T20:38:45.587Z] GET /api/admin/inventory
[2026-01-22T20:38:48.593Z] GET /api/admin/resources
[2026-01-22T20:38:51.931Z] GET /api/admin/resources
[2026-01-22T20:39:07.678Z] POST /api/admin/clients
[2026-01-22T20:39:10.449Z] GET /api/admin/resources
[2026-01-22T20:39:26.774Z] POST /api/admin/inventory
[2026-01-22T20:39:49.117Z] POST /api/admin/products
[2026-01-22T20:39:49.137Z] GET /api/admin/resources
[2026-01-22T20:39:50.538Z] GET /api/admin/resources
[2026-01-22T20:39:55.203Z] GET /api/admin/inventory
[2026-01-22T20:40:05.665Z] GET /api/admin/resources
[2026-01-22T20:40:08.074Z] GET /api/admin/inventory
[2026-01-22T20:40:21.296Z] GET /api/admin/resources
[2026-01-22T20:40:35.573Z] POST /api/admin/inventory
[2026-01-22T20:40:36.814Z] GET /api/admin/inventory
[2026-01-22T20:53:36.349Z] POST /api/login
[2026-01-22T20:53:36.410Z] GET /api/admin/inventory
[2026-01-22T20:53:36.414Z] GET /api/admin/inventory
[2026-01-22T20:54:56.846Z] PUT /api/admin/inventory/1
[2026-01-22T20:54:56.857Z] GET /api/admin/inventory
[2026-01-22T20:55:28.315Z] GET /api/admin/inventory
[2026-01-22T20:55:28.320Z] GET /api/admin/inventory
[2026-01-22T20:58:30.103Z] PUT /api/admin/inventory/3
[2026-01-22T20:58:30.112Z] GET /api/admin/inventory
[2026-01-23T12:17:07.944Z] GET /api/admin/inventory
[2026-01-23T12:17:07.949Z] GET /api/admin/inventory
[2026-01-23T12:17:07.954Z] GET /api/admin/inventory
[2026-01-23T12:17:07.960Z] GET /api/admin/inventory
[2026-01-23T12:17:43.154Z] POST /api/login
[2026-01-23T12:18:30.872Z] POST /api/login
[2026-01-23T12:18:30.936Z] GET /api/admin/inventory
[2026-01-23T12:18:30.942Z] GET /api/admin/inventory
[2026-01-23T12:19:04.825Z] PUT /api/admin/inventory/1
[2026-01-23T12:19:04.840Z] GET /api/admin/inventory
[2026-01-23T13:30:48.602Z] PUT /api/admin/inventory/4
[2026-01-23T13:30:49.160Z] PUT /api/admin/inventory/4
[2026-01-23T13:30:51.854Z] PUT /api/admin/inventory/4
[2026-01-23T13:30:55.514Z] PUT /api/admin/inventory/4
[2026-01-23T13:30:56.189Z] PUT /api/admin/inventory/4
[2026-01-23T13:30:56.376Z] PUT /api/admin/inventory/4
[2026-01-23T13:30:56.557Z] PUT /api/admin/inventory/4
[2026-01-23T13:30:56.744Z] PUT /api/admin/inventory/4
[2026-01-23T13:30:56.938Z] PUT /api/admin/inventory/4
[2026-01-23T13:30:57.119Z] PUT /api/admin/inventory/4
[2026-01-23T13:30:57.320Z] PUT /api/admin/inventory/4
[2026-01-23T13:30:57.523Z] PUT /api/admin/inventory/4
[2026-01-23T13:30:59.668Z] PUT /api/admin/inventory/4
[2026-01-23T13:31:01.416Z] PUT /api/admin/inventory/4
